Error: Failed to connect: Can't connect to MySQL server on '82.223.196.145:3306' (101)
Execution halted
Error: Failed to connect: Can't connect to MySQL server on '82.223.196.145:3306' (101)
Execution halted
[1] 1
[1] 1
[1] 1
[1] 1
[1] 1
[1] 1
[1] 1
[1] 1
[1] 1
[1] 1
[1] 1
[1] 1
[1] 1
[1] 1
[1] 1
[1] 1
[1] 1
[1] 1
[1] 1
[1] 1
[1] 1
[1] 1
[1] 1
[1] 1
[1] 1
Error: Failed to connect: Can't connect to MySQL server on '82.223.196.145:3306' (101)
Execution halted
[1] 1
[1] 1
[1] 1
[1] 1
[1] 1
[1] 1
[1] 1
[1] 1
[1] 1
[1] 1
[1] 1
[1] 1
Error: Failed to connect: Can't connect to MySQL server on '82.223.196.145:3306' (101)
Execution halted
Error: Failed to connect: Can't connect to MySQL server on '82.223.196.145:3306' (101)
Execution halted
[1] 1
[1] 1
[1] 1
[1] 1
[1] 1
[1] 1
[1] 1
[1] 1
[1] 1
[1] 1
[1] 1
[1] 1
[1] 1
[1] 1
[1] 1
[1] 1
[1] 1
[1] 1
[1] 1
[1] 1
[1] 1
[1] 1
[1] 1
[1] 1
[1] 1
[1] 1
[1] 1
[1] 1
[1] 1
[1] 1
[1] 1
[1] 1
[1] 1
[1] 1
[1] 1
[1] 1
[1] 1
[1] 1
[1] 1
[1] 1
[1] 1
[1] 1
[1] 1
[1] 1
[1] 0
[1] 0
[1] 0
[1] 0
[1] 0
[1] 0
[1] 0
[1] 0
[1] 0
[1] 0
[1] 0
[1] 0
